<?xml version="1.0" encoding="UTF-8"?>
<!-- Generated by org.testng.reporters.JUnitXMLReporter -->
<testsuite hostname="Acer" ignored="0" name="codingRound" tests="3" failures="0" timestamp="30 Jul 2018 17:25:45 GMT" time="50.641" errors="0">
  <testcase name="testThatResultsAppearForAOneWayJourney" time="7.636" classname="testScript.FlightBookingTest"/>
  <testcase name="shouldBeAbleToSearchForHotels" time="7.499" classname="testScript.HotelBookingTest"/>
  <testcase name="shouldThrowAnErrorIfSignInDetailsAreMissing" time="3.938" classname="testScript.SignInTest"/>
</testsuite> <!-- codingRound -->
