<?xml version="1.0" encoding="UTF-8"?>
<testng-results skipped="0" failed="0" ignored="0" total="3" passed="3">
  <reporter-output>
  </reporter-output>
  <suite name="codingRound" duration-ms="50641" started-at="2018-07-30T17:24:55Z" finished-at="2018-07-30T17:25:45Z">
    <groups>
    </groups>
    <test name="codingRound" duration-ms="50641" started-at="2018-07-30T17:24:55Z" finished-at="2018-07-30T17:25:45Z">
      <class name="testScript.HotelBookingTest">
        <test-method status="PASS" signature="openApplication()[pri:0, instance:testScript.HotelBookingTest@1d057a39]" name="openApplication" is-config="true" duration-ms="8704" started-at="2018-07-30T22:55:14Z" finished-at="2018-07-30T22:55:22Z">
          <reporter-output>
          </reporter-output>
        </test-method> <!-- openApplication -->
        <test-method status="PASS" signature="shouldBeAbleToSearchForHotels()[pri:0, instance:testScript.HotelBookingTest@1d057a39]" name="shouldBeAbleToSearchForHotels" duration-ms="7499" started-at="2018-07-30T22:55:22Z" finished-at="2018-07-30T22:55:30Z">
          <reporter-output>
          </reporter-output>
        </test-method> <!-- shouldBeAbleToSearchForHotels -->
        <test-method status="PASS" signature="closeBrowser()[pri:0, instance:testScript.HotelBookingTest@1d057a39]" name="closeBrowser" is-config="true" duration-ms="959" started-at="2018-07-30T22:55:30Z" finished-at="2018-07-30T22:55:31Z">
          <reporter-output>
          </reporter-output>
        </test-method> <!-- closeBrowser -->
      </class> <!-- testScript.HotelBookingTest -->
      <class name="testScript.SignInTest">
        <test-method status="PASS" signature="openApplication()[pri:0, instance:testScript.SignInTest@26be92ad]" name="openApplication" is-config="true" duration-ms="9591" started-at="2018-07-30T22:55:31Z" finished-at="2018-07-30T22:55:40Z">
          <reporter-output>
          </reporter-output>
        </test-method> <!-- openApplication -->
        <test-method status="PASS" signature="shouldThrowAnErrorIfSignInDetailsAreMissing()[pri:0, instance:testScript.SignInTest@26be92ad]" name="shouldThrowAnErrorIfSignInDetailsAreMissing" duration-ms="3938" started-at="2018-07-30T22:55:40Z" finished-at="2018-07-30T22:55:44Z">
          <reporter-output>
          </reporter-output>
        </test-method> <!-- shouldThrowAnErrorIfSignInDetailsAreMissing -->
        <test-method status="PASS" signature="closeBrowser()[pri:0, instance:testScript.SignInTest@26be92ad]" name="closeBrowser" is-config="true" duration-ms="900" started-at="2018-07-30T22:55:44Z" finished-at="2018-07-30T22:55:45Z">
          <reporter-output>
          </reporter-output>
        </test-method> <!-- closeBrowser -->
      </class> <!-- testScript.SignInTest -->
      <class name="testScript.FlightBookingTest">
        <test-method status="PASS" signature="openApplication()[pri:0, instance:testScript.FlightBookingTest@475530b9]" name="openApplication" is-config="true" duration-ms="10466" started-at="2018-07-30T22:54:55Z" finished-at="2018-07-30T22:55:05Z">
          <reporter-output>
          </reporter-output>
        </test-method> <!-- openApplication -->
        <test-method status="PASS" signature="testThatResultsAppearForAOneWayJourney()[pri:0, instance:testScript.FlightBookingTest@475530b9]" name="testThatResultsAppearForAOneWayJourney" duration-ms="7636" started-at="2018-07-30T22:55:05Z" finished-at="2018-07-30T22:55:13Z">
          <reporter-output>
          </reporter-output>
        </test-method> <!-- testThatResultsAppearForAOneWayJourney -->
        <test-method status="PASS" signature="closeBrowser()[pri:0, instance:testScript.FlightBookingTest@475530b9]" name="closeBrowser" is-config="true" duration-ms="893" started-at="2018-07-30T22:55:13Z" finished-at="2018-07-30T22:55:14Z">
          <reporter-output>
          </reporter-output>
        </test-method> <!-- closeBrowser -->
      </class> <!-- testScript.FlightBookingTest -->
    </test> <!-- codingRound -->
  </suite> <!-- codingRound -->
</testng-results>
