<?xml version="1.0" encoding="UTF-8"?>
<testng-results skipped="0" failed="0" ignored="0" total="1" passed="1">
  <reporter-output>
  </reporter-output>
  <suite name="codingRound" duration-ms="48605" started-at="2018-07-30T16:33:40Z" finished-at="2018-07-30T16:34:29Z">
    <groups>
    </groups>
    <test name="codingRound" duration-ms="48605" started-at="2018-07-30T16:33:40Z" finished-at="2018-07-30T16:34:29Z">
      <class name="testScript.FlightBookingTest">
        <test-method status="PASS" signature="openApplication()[pri:0, instance:testScript.FlightBookingTest@6767c1fc]" name="openApplication" is-config="true" duration-ms="39129" started-at="2018-07-30T22:03:40Z" finished-at="2018-07-30T22:04:19Z">
          <reporter-output>
          </reporter-output>
        </test-method> <!-- openApplication -->
        <test-method status="PASS" signature="testThatResultsAppearForAOneWayJourney()[pri:0, instance:testScript.FlightBookingTest@6767c1fc]" name="testThatResultsAppearForAOneWayJourney" duration-ms="8058" started-at="2018-07-30T22:04:19Z" finished-at="2018-07-30T22:04:27Z">
          <reporter-output>
          </reporter-output>
        </test-method> <!-- testThatResultsAppearForAOneWayJourney -->
        <test-method status="PASS" signature="closeBrowser()[pri:0, instance:testScript.FlightBookingTest@6767c1fc]" name="closeBrowser" is-config="true" duration-ms="1383" started-at="2018-07-30T22:04:27Z" finished-at="2018-07-30T22:04:29Z">
          <reporter-output>
          </reporter-output>
        </test-method> <!-- closeBrowser -->
      </class> <!-- testScript.FlightBookingTest -->
    </test> <!-- codingRound -->
  </suite> <!-- codingRound -->
</testng-results>
